<?xml version="1.0" encoding="UTF-8"?>
<!-- Generated by org.testng.reporters.JUnitReportReporter -->
<testsuite hostname="DESKTOP-HD9OGEU" failures="0" tests="1" name="testCases.TC002_LoginTest" time="4.884" errors="0" timestamp="2025-04-26T16:07:37 IST" skipped="0">
  <testcase classname="testCases.TC002_LoginTest" name="verify_login" time="4.884"/>
</testsuite> <!-- testCases.TC002_LoginTest -->
