<?xml version="1.0" encoding="UTF-8"?>
<!-- Generated by org.testng.reporters.JUnitReportReporter -->
<testsuite hostname="DESKTOP-HD9OGEU" failures="0" tests="6" name="testCases.TC003_LoginDDT" time="72.412" errors="0" timestamp="2025-04-18T15:13:02 IST" skipped="0">
  <testcase classname="testCases.TC003_LoginDDT" name="verify_LoginDDT" time="6.621"/>
  <testcase classname="testCases.TC003_LoginDDT" name="verify_LoginDDT" time="14.896"/>
  <testcase classname="testCases.TC003_LoginDDT" name="verify_LoginDDT" time="15.178"/>
  <testcase classname="testCases.TC003_LoginDDT" name="verify_LoginDDT" time="14.810"/>
  <testcase classname="testCases.TC003_LoginDDT" name="verify_LoginDDT" time="15.290"/>
  <testcase classname="testCases.TC003_LoginDDT" name="verify_LoginDDT" time="5.617"/>
</testsuite> <!-- testCases.TC003_LoginDDT -->
