<?xml version="1.0" encoding="UTF-8"?>
<!-- Generated by org.testng.reporters.JUnitReportReporter -->
<testsuite hostname="DESKTOP-HD9OGEU" failures="0" tests="1" name="testCases.TC001_AccountRegistrationTest" time="5.566" errors="0" timestamp="2025-04-26T16:07:37 IST" skipped="0">
  <testcase classname="testCases.TC001_AccountRegistrationTest" name="verify_account_registration" time="5.566"/>
</testsuite> <!-- testCases.TC001_AccountRegistrationTest -->
