<?xml version="1.0" encoding="UTF-8"?>
<!-- Generated by org.testng.reporters.JUnitReportReporter -->
<testsuite hostname="DESKTOP-HD9OGEU" failures="0" tests="1" name="testCases.TC002_LoginTest" time="3.381" errors="0" timestamp="2025-04-28T18:03:17 IST" skipped="0">
  <testcase classname="testCases.TC002_LoginTest" name="verify_login" time="3.381"/>
</testsuite> <!-- testCases.TC002_LoginTest -->
