<?xml version="1.0" encoding="UTF-8"?>
<!-- Generated by org.testng.reporters.JUnitReportReporter -->
<testsuite hostname="DESKTOP-HD9OGEU" failures="0" tests="1" name="testCases.TC002_LoginTest" time="2.663" errors="0" timestamp="2025-04-28T11:59:40 IST" skipped="0">
  <testcase classname="testCases.TC002_LoginTest" name="verify_login" time="2.663"/>
</testsuite> <!-- testCases.TC002_LoginTest -->
