<?xml version="1.0" encoding="UTF-8"?>
<!-- Generated by org.testng.reporters.JUnitReportReporter -->
<testsuite hostname="DESKTOP-HD9OGEU" failures="0" tests="1" name="testCases.TC001_AccountRegistrationTest" time="4.381" errors="0" timestamp="2025-04-28T11:59:40 IST" skipped="0">
  <testcase classname="testCases.TC001_AccountRegistrationTest" name="verify_account_registration" time="4.381"/>
</testsuite> <!-- testCases.TC001_AccountRegistrationTest -->
